<?xml version="1.0" encoding="UTF-8"?>
<testng-results skipped="0" failed="0" total="1" passed="1">
  <reporter-output>
  </reporter-output>
  <suite name="Suite" duration-ms="33528" started-at="2017-09-20T02:17:14Z" finished-at="2017-09-20T02:17:47Z">
    <groups>
    </groups>
    <test name="Test" duration-ms="33528" started-at="2017-09-20T02:17:14Z" finished-at="2017-09-20T02:17:47Z">
      <class name="JenkinsTest.OpenFBLoginPage">
        <test-method status="PASS" signature="f()[pri:0, instance:JenkinsTest.OpenFBLoginPage@13b6d03]" name="f" duration-ms="33480" started-at="2017-09-20T07:47:14Z" finished-at="2017-09-20T07:47:47Z">
          <reporter-output>
          </reporter-output>
        </test-method> <!-- f -->
      </class> <!-- JenkinsTest.OpenFBLoginPage -->
    </test> <!-- Test -->
  </suite> <!-- Suite -->
</testng-results>
