<?xml version="1.0" encoding="UTF-8"?>
<testng-results skipped="0" failed="0" total="1" passed="1">
  <reporter-output>
  </reporter-output>
  <suite name="Suite" duration-ms="57198" started-at="2017-09-18T04:45:58Z" finished-at="2017-09-18T04:46:55Z">
    <groups>
    </groups>
    <test name="Test" duration-ms="57198" started-at="2017-09-18T04:45:58Z" finished-at="2017-09-18T04:46:55Z">
      <class name="JenkinsTest.OpenFBLoginPage">
        <test-method status="PASS" signature="f()[pri:0, instance:JenkinsTest.OpenFBLoginPage@13b6d03]" name="f" duration-ms="57174" started-at="2017-09-18T10:15:58Z" finished-at="2017-09-18T10:16:55Z">
          <reporter-output>
          </reporter-output>
        </test-method> <!-- f -->
      </class> <!-- JenkinsTest.OpenFBLoginPage -->
    </test> <!-- Test -->
  </suite> <!-- Suite -->
</testng-results>
